# JRE version: Java(TM) SE Runtime Environment (8.0_45-b14) (build 1.8.0_45-b14)
# Java VM: Java HotSpot(TM) 64-Bit Server VM (25.45-b02 mixed mode linux-amd64 )
Heap:
 PSYoungGen      total 7191552K, used 7126141K [0x00007f5d91000000, 0x00007f5f63a80000, 0x00007f6511000000)
  eden space 6755328K, 100% used [0x00007f5d91000000,0x00007f5f2d500000,0x00007f5f2d500000)
  from space 436224K, 85% used [0x00007f5f48500000,0x00007f5f5ef1f5a0,0x00007f5f62f00000)
  to   space 442368K, 0% used [0x00007f5f2d500000,0x00007f5f2d500000,0x00007f5f48500000)
 ParOldGen       total 21064192K, used 20295481K [0x00007f4e91000000, 0x00007f5396a80000, 0x00007f5d91000000)
  object space 21064192K, 96% used [0x00007f4e91000000,0x00007f5367bce420,0x00007f5396a80000)
 Metaspace       used 15044K, capacity 15122K, committed 15360K, reserved 16384K
GC Heap History (10 events):
Event: 4274.277 GC heap before
{Heap before GC invocations=254 (full 6):
 PSYoungGen      total 6990848K, used 6940680K [0x00007f5d91000000, 0x00007f5f58a00000, 0x00007f6511000000)
  eden space 6593024K, 100% used [0x00007f5d91000000,0x00007f5f23680000,0x00007f5f23680000)
  from space 397824K, 87% used [0x00007f5f23680000,0x00007f5f38a021e0,0x00007f5f3bb00000)
  to   space 406016K, 0% used [0x00007f5f3fd80000,0x00007f5f3fd80000,0x00007f5f58a00000)
 ParOldGen       total 21064192K, used 20182995K [0x00007f4e91000000, 0x00007f5396a80000, 0x00007f5d91000000)
  object space 21064192K, 95% used [0x00007f4e91000000,0x00007f5360df4fd8,0x00007f5396a80000)
 Metaspace       used 15040K, capacity 15122K, committed 15360K, reserved 16384K
Event: 4274.687 GC heap after
Heap after GC invocations=254 (full 6):
 PSYoungGen      total 7050752K, used 354256K [0x00007f5d91000000, 0x00007f5f59a80000, 0x00007f6511000000)
  eden space 6644736K, 0% used [0x00007f5d91000000,0x00007f5d91000000,0x00007f5f26900000)
  from space 406016K, 87% used [0x00007f5f3fd80000,0x00007f5f55774160,0x00007f5f58a00000)
  to   space 414208K, 0% used [0x00007f5f26900000,0x00007f5f26900000,0x00007f5f3fd80000)
 ParOldGen       total 21064192K, used 20200463K [0x00007f4e91000000, 0x00007f5396a80000, 0x00007f5d91000000)
  object space 21064192K, 95% used [0x00007f4e91000000,0x00007f5361f03cc0,0x00007f5396a80000)
 Metaspace       used 15040K, capacity 15122K, committed 15360K, reserved 16384K
}
Event: 4293.886 GC heap before
{Heap before GC invocations=255 (full 6):
 PSYoungGen      total 7050752K, used 6998992K [0x00007f5d91000000, 0x00007f5f59a80000, 0x00007f6511000000)
  eden space 6644736K, 100% used [0x00007f5d91000000,0x00007f5f26900000,0x00007f5f26900000)
  from space 406016K, 87% used [0x00007f5f3fd80000,0x00007f5f55774160,0x00007f5f58a00000)
  to   space 414208K, 0% used [0x00007f5f26900000,0x00007f5f26900000,0x00007f5f3fd80000)
 ParOldGen       total 21064192K, used 20200463K [0x00007f4e91000000, 0x00007f5396a80000, 0x00007f5d91000000)
  object space 21064192K, 95% used [0x00007f4e91000000,0x00007f5361f03cc0,0x00007f5396a80000)
 Metaspace       used 15042K, capacity 15122K, committed 15360K, reserved 16384K
Event: 4294.318 GC heap after
Heap after GC invocations=255 (full 6):
 PSYoungGen      total 7058944K, used 356649K [0x00007f5d91000000, 0x00007f5f5dd80000, 0x00007f6511000000)
  eden space 6644736K, 0% used [0x00007f5d91000000,0x00007f5d91000000,0x00007f5f26900000)
  from space 414208K, 86% used [0x00007f5f26900000,0x00007f5f3c54a400,0x00007f5f3fd80000)
  to   space 421376K, 0% used [0x00007f5f44200000,0x00007f5f44200000,0x00007f5f5dd80000)
 ParOldGen       total 21064192K, used 20223433K [0x00007f4e91000000, 0x00007f5396a80000, 0x00007f5d91000000)
  object space 21064192K, 96% used [0x00007f4e91000000,0x00007f5363572678,0x00007f5396a80000)
 Metaspace       used 15042K, capacity 15122K, committed 15360K, reserved 16384K
}
Event: 4315.769 GC heap before
{Heap before GC invocations=256 (full 6):
 PSYoungGen      total 7058944K, used 7001385K [0x00007f5d91000000, 0x00007f5f5dd80000, 0x00007f6511000000)
  eden space 6644736K, 100% used [0x00007f5d91000000,0x00007f5f26900000,0x00007f5f26900000)
  from space 414208K, 86% used [0x00007f5f26900000,0x00007f5f3c54a400,0x00007f5f3fd80000)
  to   space 421376K, 0% used [0x00007f5f44200000,0x00007f5f44200000,0x00007f5f5dd80000)
 ParOldGen       total 21064192K, used 20223433K [0x00007f4e91000000, 0x00007f5396a80000, 0x00007f5d91000000)
  object space 21064192K, 96% used [0x00007f4e91000000,0x00007f5363572678,0x00007f5396a80000)
 Metaspace       used 15042K, capacity 15122K, committed 15360K, reserved 16384K
Event: 4316.187 GC heap after
Heap after GC invocations=256 (full 6):
 PSYoungGen      total 7120896K, used 365489K [0x00007f5d91000000, 0x00007f5f5ed00000, 0x00007f6511000000)
  eden space 6699520K, 0% used [0x00007f5d91000000,0x00007f5d91000000,0x00007f5f29e80000)
  from space 421376K, 86% used [0x00007f5f44200000,0x00007f5f5a6ec4b8,0x00007f5f5dd80000)
  to   space 429568K, 0% used [0x00007f5f29e80000,0x00007f5f29e80000,0x00007f5f44200000)
 ParOldGen       total 21064192K, used 20247400K [0x00007f4e91000000, 0x00007f5396a80000, 0x00007f5d91000000)
  object space 21064192K, 96% used [0x00007f4e91000000,0x00007f5364cda218,0x00007f5396a80000)
 Metaspace       used 15042K, capacity 15122K, committed 15360K, reserved 16384K
}
Event: 4339.562 GC heap before
{Heap before GC invocations=257 (full 6):
 PSYoungGen      total 7120896K, used 7065009K [0x00007f5d91000000, 0x00007f5f5ed00000, 0x00007f6511000000)
  eden space 6699520K, 100% used [0x00007f5d91000000,0x00007f5f29e80000,0x00007f5f29e80000)
  from space 421376K, 86% used [0x00007f5f44200000,0x00007f5f5a6ec4b8,0x00007f5f5dd80000)
  to   space 429568K, 0% used [0x00007f5f29e80000,0x00007f5f29e80000,0x00007f5f44200000)
 ParOldGen       total 21064192K, used 20247400K [0x00007f4e91000000, 0x00007f5396a80000, 0x00007f5d91000000)
  object space 21064192K, 96% used [0x00007f4e91000000,0x00007f5364cda218,0x00007f5396a80000)
 Metaspace       used 15042K, capacity 15122K, committed 15360K, reserved 16384K
Event: 4339.996 GC heap after
Heap after GC invocations=257 (full 6):
 PSYoungGen      total 7129088K, used 366439K [0x00007f5d91000000, 0x00007f5f62f00000, 0x00007f6511000000)
  eden space 6699520K, 0% used [0x00007f5d91000000,0x00007f5d91000000,0x00007f5f29e80000)
  from space 429568K, 85% used [0x00007f5f29e80000,0x00007f5f40459d58,0x00007f5f44200000)
  to   space 436224K, 0% used [0x00007f5f48500000,0x00007f5f48500000,0x00007f5f62f00000)
 ParOldGen       total 21064192K, used 20272037K [0x00007f4e91000000, 0x00007f5396a80000, 0x00007f5d91000000)
  object space 21064192K, 96% used [0x00007f4e91000000,0x00007f53664e9488,0x00007f5396a80000)
 Metaspace       used 15042K, capacity 15122K, committed 15360K, reserved 16384K
}
Event: 4361.352 GC heap before
{Heap before GC invocations=258 (full 6):
 PSYoungGen      total 7129088K, used 7065959K [0x00007f5d91000000, 0x00007f5f62f00000, 0x00007f6511000000)
  eden space 6699520K, 100% used [0x00007f5d91000000,0x00007f5f29e80000,0x00007f5f29e80000)
  from space 429568K, 85% used [0x00007f5f29e80000,0x00007f5f40459d58,0x00007f5f44200000)
  to   space 436224K, 0% used [0x00007f5f48500000,0x00007f5f48500000,0x00007f5f62f00000)
 ParOldGen       total 21064192K, used 20272037K [0x00007f4e91000000, 0x00007f5396a80000, 0x00007f5d91000000)
  object space 21064192K, 96% used [0x00007f4e91000000,0x00007f53664e9488,0x00007f5396a80000)
 Metaspace       used 15042K, capacity 15122K, committed 15360K, reserved 16384K
Event: 4361.766 GC heap after
Heap after GC invocations=258 (full 6):
 PSYoungGen      total 7191552K, used 370813K [0x00007f5d91000000, 0x00007f5f63a80000, 0x00007f6511000000)
  eden space 6755328K, 0% used [0x00007f5d91000000,0x00007f5d91000000,0x00007f5f2d500000)
  from space 436224K, 85% used [0x00007f5f48500000,0x00007f5f5ef1f5a0,0x00007f5f62f00000)
  to   space 442368K, 0% used [0x00007f5f2d500000,0x00007f5f2d500000,0x00007f5f48500000)
 ParOldGen       total 21064192K, used 20295481K [0x00007f4e91000000, 0x00007f5396a80000, 0x00007f5d91000000)
  object space 21064192K, 96% used [0x00007f4e91000000,0x00007f5367bce420,0x00007f5396a80000)
 Metaspace       used 15042K, capacity 15122K, committed 15360K, reserved 16384K
}

