# JRE version: Java(TM) SE Runtime Environment (8.0_45-b14) (build 1.8.0_45-b14)
# Java VM: Java HotSpot(TM) 64-Bit Server VM (25.45-b02 mixed mode linux-amd64 )
Heap:
 PSYoungGen      total 6060544K, used 1772517K [0x00007ef9a1000000, 0x00007efb1b180000, 0x00007f0121000000)
  eden space 5932032K, 28% used [0x00007ef9a1000000,0x00007efa06611e48,0x00007efb0b100000)
  from space 128512K, 86% used [0x00007efb13100000,0x00007efb19de76d0,0x00007efb1ae80000)
  to   space 131072K, 0% used [0x00007efb0b100000,0x00007efb0b100000,0x00007efb13100000)
 ParOldGen       total 25116672K, used 23906933K [0x00007eeaa1000000, 0x00007ef09e000000, 0x00007ef9a1000000)
  object space 25116672K, 95% used [0x00007eeaa1000000,0x00007ef05429d6d0,0x00007ef09e000000)
 Metaspace       used 15089K, capacity 15186K, committed 15360K, reserved 16384K
GC Heap History (10 events):
Event: 3199.720 GC heap before
{Heap before GC invocations=279 (full 7):
 PSYoungGen      total 5921280K, used 5915279K [0x00007ef9a1000000, 0x00007efb14a00000, 0x00007f0121000000)
  eden space 5809664K, 100% used [0x00007ef9a1000000,0x00007efb03980000,0x00007efb03980000)
  from space 111616K, 94% used [0x00007efb03980000,0x00007efb0a0a3c20,0x00007efb0a680000)
  to   space 115712K, 0% used [0x00007efb0d900000,0x00007efb0d900000,0x00007efb14a00000)
 ParOldGen       total 25116672K, used 23886773K [0x00007eeaa1000000, 0x00007ef09e000000, 0x00007ef9a1000000)
  object space 25116672K, 95% used [0x00007eeaa1000000,0x00007ef052eed6d0,0x00007ef09e000000)
 Metaspace       used 15075K, capacity 15122K, committed 15360K, reserved 16384K
Event: 3199.982 GC heap after
Heap after GC invocations=279 (full 7):
 PSYoungGen      total 5968896K, used 104636K [0x00007ef9a1000000, 0x00007efb14b00000, 0x00007f0121000000)
  eden space 5853184K, 0% used [0x00007ef9a1000000,0x00007ef9a1000000,0x00007efb06400000)
  from space 115712K, 90% used [0x00007efb0d900000,0x00007efb13f2f260,0x00007efb14a00000)
  to   space 118272K, 0% used [0x00007efb06400000,0x00007efb06400000,0x00007efb0d780000)
 ParOldGen       total 25116672K, used 23886773K [0x00007eeaa1000000, 0x00007ef09e000000, 0x00007ef9a1000000)
  object space 25116672K, 95% used [0x00007eeaa1000000,0x00007ef052eed6d0,0x00007ef09e000000)
 Metaspace       used 15075K, capacity 15122K, committed 15360K, reserved 16384K
}
Event: 3217.194 GC heap before
{Heap before GC invocations=280 (full 7):
 PSYoungGen      total 5968896K, used 5957820K [0x00007ef9a1000000, 0x00007efb14b00000, 0x00007f0121000000)
  eden space 5853184K, 100% used [0x00007ef9a1000000,0x00007efb06400000,0x00007efb06400000)
  from space 115712K, 90% used [0x00007efb0d900000,0x00007efb13f2f260,0x00007efb14a00000)
  to   space 118272K, 0% used [0x00007efb06400000,0x00007efb06400000,0x00007efb0d780000)
 ParOldGen       total 25116672K, used 23886773K [0x00007eeaa1000000, 0x00007ef09e000000, 0x00007ef9a1000000)
  object space 25116672K, 95% used [0x00007eeaa1000000,0x00007ef052eed6d0,0x00007ef09e000000)
 Metaspace       used 15075K, capacity 15122K, committed 15360K, reserved 16384K
Event: 3217.437 GC heap after
Heap after GC invocations=280 (full 7):
 PSYoungGen      total 5971456K, used 109758K [0x00007ef9a1000000, 0x00007efb17e00000, 0x00007f0121000000)
  eden space 5853184K, 0% used [0x00007ef9a1000000,0x00007ef9a1000000,0x00007efb06400000)
  from space 118272K, 92% used [0x00007efb06400000,0x00007efb0cf2f8f0,0x00007efb0d780000)
  to   space 122880K, 0% used [0x00007efb10600000,0x00007efb10600000,0x00007efb17e00000)
 ParOldGen       total 25116672K, used 23890157K [0x00007eeaa1000000, 0x00007ef09e000000, 0x00007ef9a1000000)
  object space 25116672K, 95% used [0x00007eeaa1000000,0x00007ef05323b6d0,0x00007ef09e000000)
 Metaspace       used 15075K, capacity 15122K, committed 15360K, reserved 16384K
}
Event: 3236.114 GC heap before
{Heap before GC invocations=281 (full 7):
 PSYoungGen      total 5971456K, used 5962942K [0x00007ef9a1000000, 0x00007efb17e00000, 0x00007f0121000000)
  eden space 5853184K, 100% used [0x00007ef9a1000000,0x00007efb06400000,0x00007efb06400000)
  from space 118272K, 92% used [0x00007efb06400000,0x00007efb0cf2f8f0,0x00007efb0d780000)
  to   space 122880K, 0% used [0x00007efb10600000,0x00007efb10600000,0x00007efb17e00000)
 ParOldGen       total 25116672K, used 23890157K [0x00007eeaa1000000, 0x00007ef09e000000, 0x00007ef9a1000000)
  object space 25116672K, 95% used [0x00007eeaa1000000,0x00007ef05323b6d0,0x00007ef09e000000)
 Metaspace       used 15075K, capacity 15122K, committed 15360K, reserved 16384K
Event: 3236.455 GC heap after
Heap after GC invocations=281 (full 7):
 PSYoungGen      total 6014976K, used 112943K [0x00007ef9a1000000, 0x00007efb18880000, 0x00007f0121000000)
  eden space 5892096K, 0% used [0x00007ef9a1000000,0x00007ef9a1000000,0x00007efb08a00000)
  from space 122880K, 91% used [0x00007efb10600000,0x00007efb1744bc20,0x00007efb17e00000)
  to   space 126976K, 0% used [0x00007efb08a00000,0x00007efb08a00000,0x00007efb10600000)
 ParOldGen       total 25116672K, used 23896069K [0x00007eeaa1000000, 0x00007ef09e000000, 0x00007ef9a1000000)
  object space 25116672K, 95% used [0x00007eeaa1000000,0x00007ef0538016d0,0x00007ef09e000000)
 Metaspace       used 15075K, capacity 15122K, committed 15360K, reserved 16384K
}
Event: 3258.300 GC heap before
{Heap before GC invocations=282 (full 7):
 PSYoungGen      total 6014976K, used 6005039K [0x00007ef9a1000000, 0x00007efb18880000, 0x00007f0121000000)
  eden space 5892096K, 100% used [0x00007ef9a1000000,0x00007efb08a00000,0x00007efb08a00000)
  from space 122880K, 91% used [0x00007efb10600000,0x00007efb1744bc20,0x00007efb17e00000)
  to   space 126976K, 0% used [0x00007efb08a00000,0x00007efb08a00000,0x00007efb10600000)
 ParOldGen       total 25116672K, used 23896069K [0x00007eeaa1000000, 0x00007ef09e000000, 0x00007ef9a1000000)
  object space 25116672K, 95% used [0x00007eeaa1000000,0x00007ef0538016d0,0x00007ef09e000000)
 Metaspace       used 15075K, capacity 15122K, committed 15360K, reserved 16384K
Event: 3258.544 GC heap after
Heap after GC invocations=282 (full 7):
 PSYoungGen      total 6019072K, used 107900K [0x00007ef9a1000000, 0x00007efb1ae80000, 0x00007f0121000000)
  eden space 5892096K, 0% used [0x00007ef9a1000000,0x00007ef9a1000000,0x00007efb08a00000)
  from space 126976K, 84% used [0x00007efb08a00000,0x00007efb0f35f260,0x00007efb10600000)
  to   space 128512K, 0% used [0x00007efb13100000,0x00007efb13100000,0x00007efb1ae80000)
 ParOldGen       total 25116672K, used 23901813K [0x00007eeaa1000000, 0x00007ef09e000000, 0x00007ef9a1000000)
  object space 25116672K, 95% used [0x00007eeaa1000000,0x00007ef053d9d6d0,0x00007ef09e000000)
 Metaspace       used 15075K, capacity 15122K, committed 15360K, reserved 16384K
}
Event: 3277.461 GC heap before
{Heap before GC invocations=283 (full 7):
 PSYoungGen      total 6019072K, used 5999996K [0x00007ef9a1000000, 0x00007efb1ae80000, 0x00007f0121000000)
  eden space 5892096K, 100% used [0x00007ef9a1000000,0x00007efb08a00000,0x00007efb08a00000)
  from space 126976K, 84% used [0x00007efb08a00000,0x00007efb0f35f260,0x00007efb10600000)
  to   space 128512K, 0% used [0x00007efb13100000,0x00007efb13100000,0x00007efb1ae80000)
 ParOldGen       total 25116672K, used 23901813K [0x00007eeaa1000000, 0x00007ef09e000000, 0x00007ef9a1000000)
  object space 25116672K, 95% used [0x00007eeaa1000000,0x00007ef053d9d6d0,0x00007ef09e000000)
 Metaspace       used 15075K, capacity 15122K, committed 15360K, reserved 16384K
Event: 3277.682 GC heap after
Heap after GC invocations=283 (full 7):
 PSYoungGen      total 6060544K, used 111517K [0x00007ef9a1000000, 0x00007efb1b180000, 0x00007f0121000000)
  eden space 5932032K, 0% used [0x00007ef9a1000000,0x00007ef9a1000000,0x00007efb0b100000)
  from space 128512K, 86% used [0x00007efb13100000,0x00007efb19de76d0,0x00007efb1ae80000)
  to   space 131072K, 0% used [0x00007efb0b100000,0x00007efb0b100000,0x00007efb13100000)
 ParOldGen       total 25116672K, used 23906933K [0x00007eeaa1000000, 0x00007ef09e000000, 0x00007ef9a1000000)
  object space 25116672K, 95% used [0x00007eeaa1000000,0x00007ef05429d6d0,0x00007ef09e000000)
 Metaspace       used 15075K, capacity 15122K, committed 15360K, reserved 16384K
}

