# JRE version: Java(TM) SE Runtime Environment (8.0_45-b14) (build 1.8.0_45-b14)
# Java VM: Java HotSpot(TM) 64-Bit Server VM (25.45-b02 mixed mode linux-amd64 )
Heap:
 PSYoungGen      total 9112064K, used 3739494K [0x00007f916bb00000, 0x00007f93bb000000, 0x00007f96c1000000)
  eden space 8573952K, 42% used [0x00007f916bb00000,0x00007f92477c5cf8,0x00007f9377000000)
  from space 538112K, 25% used [0x00007f939a280000,0x00007f93a2993c80,0x00007f93bb000000)
  to   space 557056K, 0% used [0x00007f9377000000,0x00007f9377000000,0x00007f9399000000)
 ParOldGen       total 19941376K, used 14376392K [0x00007f86c1000000, 0x00007f8b82200000, 0x00007f916bb00000)
  object space 19941376K, 72% used [0x00007f86c1000000,0x00007f8a2e772040,0x00007f8b82200000)
 Metaspace       used 15045K, capacity 15122K, committed 15360K, reserved 16384K
GC Heap History (10 events):
Event: 4353.181 GC heap before
{Heap before GC invocations=275 (full 7):
 PSYoungGen      total 8882176K, used 422896K [0x00007f916bb00000, 0x00007f93a9080000, 0x00007f96c1000000)
  eden space 8409088K, 0% used [0x00007f916bb00000,0x00007f916bb00000,0x00007f936cf00000)
  from space 473088K, 89% used [0x00007f938ab80000,0x00007f93a487c220,0x00007f93a7980000)
  to   space 487936K, 0% used [0x00007f936cf00000,0x00007f936cf00000,0x00007f938ab80000)
 ParOldGen       total 20676096K, used 20427999K [0x00007f86c1000000, 0x00007f8baef80000, 0x00007f916bb00000)
  object space 20676096K, 98% used [0x00007f86c1000000,0x00007f8b9fd37c40,0x00007f8baef80000)
 Metaspace       used 15042K, capacity 15122K, committed 15360K, reserved 16384K
Event: 4368.263 GC heap after
Heap after GC invocations=275 (full 7):
 PSYoungGen      total 8882176K, used 0K [0x00007f916bb00000, 0x00007f93a9080000, 0x00007f96c1000000)
  eden space 8409088K, 0% used [0x00007f916bb00000,0x00007f916bb00000,0x00007f936cf00000)
  from space 473088K, 0% used [0x00007f938ab80000,0x00007f938ab80000,0x00007f93a7980000)
  to   space 487936K, 0% used [0x00007f936cf00000,0x00007f936cf00000,0x00007f938ab80000)
 ParOldGen       total 19941376K, used 14376392K [0x00007f86c1000000, 0x00007f8b82200000, 0x00007f916bb00000)
  object space 19941376K, 72% used [0x00007f86c1000000,0x00007f8a2e772040,0x00007f8b82200000)
 Metaspace       used 15042K, capacity 15122K, committed 15360K, reserved 16384K
}
Event: 4395.123 GC heap before
{Heap before GC invocations=276 (full 7):
 PSYoungGen      total 8882176K, used 8409088K [0x00007f916bb00000, 0x00007f93a9080000, 0x00007f96c1000000)
  eden space 8409088K, 100% used [0x00007f916bb00000,0x00007f936cf00000,0x00007f936cf00000)
  from space 473088K, 0% used [0x00007f938ab80000,0x00007f938ab80000,0x00007f93a7980000)
  to   space 487936K, 0% used [0x00007f936cf00000,0x00007f936cf00000,0x00007f938ab80000)
 ParOldGen       total 19941376K, used 14376392K [0x00007f86c1000000, 0x00007f8b82200000, 0x00007f916bb00000)
  object space 19941376K, 72% used [0x00007f86c1000000,0x00007f8a2e772040,0x00007f8b82200000)
 Metaspace       used 15043K, capacity 15122K, committed 15360K, reserved 16384K
Event: 4395.162 GC heap after
Heap after GC invocations=276 (full 7):
 PSYoungGen      total 8897024K, used 31936K [0x00007f916bb00000, 0x00007f93b5780000, 0x00007f96c1000000)
  eden space 8409088K, 0% used [0x00007f916bb00000,0x00007f916bb00000,0x00007f936cf00000)
  from space 487936K, 6% used [0x00007f936cf00000,0x00007f936ee30000,0x00007f938ab80000)
  to   space 530432K, 0% used [0x00007f9395180000,0x00007f9395180000,0x00007f93b5780000)
 ParOldGen       total 19941376K, used 14376392K [0x00007f86c1000000, 0x00007f8b82200000, 0x00007f916bb00000)
  object space 19941376K, 72% used [0x00007f86c1000000,0x00007f8a2e772040,0x00007f8b82200000)
 Metaspace       used 15043K, capacity 15122K, committed 15360K, reserved 16384K
}
Event: 4424.929 GC heap before
{Heap before GC invocations=277 (full 7):
 PSYoungGen      total 8897024K, used 8441024K [0x00007f916bb00000, 0x00007f93b5780000, 0x00007f96c1000000)
  eden space 8409088K, 100% used [0x00007f916bb00000,0x00007f936cf00000,0x00007f936cf00000)
  from space 487936K, 6% used [0x00007f936cf00000,0x00007f936ee30000,0x00007f938ab80000)
  to   space 530432K, 0% used [0x00007f9395180000,0x00007f9395180000,0x00007f93b5780000)
 ParOldGen       total 19941376K, used 14376392K [0x00007f86c1000000, 0x00007f8b82200000, 0x00007f916bb00000)
  object space 19941376K, 72% used [0x00007f86c1000000,0x00007f8a2e772040,0x00007f8b82200000)
 Metaspace       used 15043K, capacity 15122K, committed 15360K, reserved 16384K
Event: 4424.982 GC heap after
Heap after GC invocations=277 (full 7):
 PSYoungGen      total 9039360K, used 70513K [0x00007f916bb00000, 0x00007f93b6880000, 0x00007f96c1000000)
  eden space 8508928K, 0% used [0x00007f916bb00000,0x00007f916bb00000,0x00007f9373080000)
  from space 530432K, 13% used [0x00007f9395180000,0x00007f939965c678,0x00007f93b5780000)
  to   space 552960K, 0% used [0x00007f9373080000,0x00007f9373080000,0x00007f9394c80000)
 ParOldGen       total 19941376K, used 14376392K [0x00007f86c1000000, 0x00007f8b82200000, 0x00007f916bb00000)
  object space 19941376K, 72% used [0x00007f86c1000000,0x00007f8a2e772040,0x00007f8b82200000)
 Metaspace       used 15043K, capacity 15122K, committed 15360K, reserved 16384K
}
Event: 4455.523 GC heap before
{Heap before GC invocations=278 (full 7):
 PSYoungGen      total 9039360K, used 8579441K [0x00007f916bb00000, 0x00007f93b6880000, 0x00007f96c1000000)
  eden space 8508928K, 100% used [0x00007f916bb00000,0x00007f9373080000,0x00007f9373080000)
  from space 530432K, 13% used [0x00007f9395180000,0x00007f939965c678,0x00007f93b5780000)
  to   space 552960K, 0% used [0x00007f9373080000,0x00007f9373080000,0x00007f9394c80000)
 ParOldGen       total 19941376K, used 14376392K [0x00007f86c1000000, 0x00007f8b82200000, 0x00007f916bb00000)
  object space 19941376K, 72% used [0x00007f86c1000000,0x00007f8a2e772040,0x00007f8b82200000)
 Metaspace       used 15043K, capacity 15122K, committed 15360K, reserved 16384K
Event: 4455.604 GC heap after
Heap after GC invocations=278 (full 7):
 PSYoungGen      total 9061888K, used 101073K [0x00007f916bb00000, 0x00007f93bc680000, 0x00007f96c1000000)
  eden space 8508928K, 0% used [0x00007f916bb00000,0x00007f916bb00000,0x00007f9373080000)
  from space 552960K, 18% used [0x00007f9373080000,0x00007f9379334678,0x00007f9394c80000)
  to   space 561152K, 0% used [0x00007f939a280000,0x00007f939a280000,0x00007f93bc680000)
 ParOldGen       total 19941376K, used 14376392K [0x00007f86c1000000, 0x00007f8b82200000, 0x00007f916bb00000)
  object space 19941376K, 72% used [0x00007f86c1000000,0x00007f8a2e772040,0x00007f8b82200000)
 Metaspace       used 15043K, capacity 15122K, committed 15360K, reserved 16384K
}
Event: 4485.342 GC heap before
{Heap before GC invocations=279 (full 7):
 PSYoungGen      total 9061888K, used 8610001K [0x00007f916bb00000, 0x00007f93bc680000, 0x00007f96c1000000)
  eden space 8508928K, 100% used [0x00007f916bb00000,0x00007f9373080000,0x00007f9373080000)
  from space 552960K, 18% used [0x00007f9373080000,0x00007f9379334678,0x00007f9394c80000)
  to   space 561152K, 0% used [0x00007f939a280000,0x00007f939a280000,0x00007f93bc680000)
 ParOldGen       total 19941376K, used 14376392K [0x00007f86c1000000, 0x00007f8b82200000, 0x00007f916bb00000)
  object space 19941376K, 72% used [0x00007f86c1000000,0x00007f8a2e772040,0x00007f8b82200000)
 Metaspace       used 15045K, capacity 15122K, committed 15360K, reserved 16384K
Event: 4485.446 GC heap after
Heap after GC invocations=279 (full 7):
 PSYoungGen      total 9112064K, used 138319K [0x00007f916bb00000, 0x00007f93bb000000, 0x00007f96c1000000)
  eden space 8573952K, 0% used [0x00007f916bb00000,0x00007f916bb00000,0x00007f9377000000)
  from space 538112K, 25% used [0x00007f939a280000,0x00007f93a2993c80,0x00007f93bb000000)
  to   space 557056K, 0% used [0x00007f9377000000,0x00007f9377000000,0x00007f9399000000)
 ParOldGen       total 19941376K, used 14376392K [0x00007f86c1000000, 0x00007f8b82200000, 0x00007f916bb00000)
  object space 19941376K, 72% used [0x00007f86c1000000,0x00007f8a2e772040,0x00007f8b82200000)
 Metaspace       used 15045K, capacity 15122K, committed 15360K, reserved 16384K
}

