# JRE version: Java(TM) SE Runtime Environment (8.0_45-b14) (build 1.8.0_45-b14)
# Java VM: Java HotSpot(TM) 64-Bit Server VM (25.45-b02 mixed mode linux-amd64 )
Heap:
 PSYoungGen      total 6646272K, used 1123244K [0x00007fb394600000, 0x00007fb54a500000, 0x00007fbb14600000)
  eden space 6200320K, 12% used [0x00007fb394600000,0x00007fb3c1c99a90,0x00007fb50ed00000)
  from space 445952K, 85% used [0x00007fb50ed00000,0x00007fb525f518c0,0x00007fb52a080000)
  to   space 460800K, 0% used [0x00007fb52e300000,0x00007fb52e300000,0x00007fb54a500000)
 ParOldGen       total 18788352K, used 14194281K [0x00007fa494600000, 0x00007fa90f200000, 0x00007fb394600000)
  object space 18788352K, 75% used [0x00007fa494600000,0x00007fa7f6b9a550,0x00007fa90f200000)
 Metaspace       used 15044K, capacity 15122K, committed 15360K, reserved 16384K
GC Heap History (10 events):
Event: 4273.250 GC heap before
{Heap before GC invocations=342 (full 7):
 PSYoungGen      total 6513664K, used 6405855K [0x00007fb394600000, 0x00007fb53cf80000, 0x00007fbb14600000)
  eden space 6082048K, 100% used [0x00007fb394600000,0x00007fb507980000,0x00007fb507980000)
  from space 431616K, 75% used [0x00007fb522200000,0x00007fb535e37e40,0x00007fb53c780000)
  to   space 434688K, 0% used [0x00007fb507980000,0x00007fb507980000,0x00007fb522200000)
 ParOldGen       total 18788352K, used 14088377K [0x00007fa494600000, 0x00007fa90f200000, 0x00007fb394600000)
  object space 18788352K, 74% used [0x00007fa494600000,0x00007fa7f042e6b8,0x00007fa90f200000)
 Metaspace       used 15041K, capacity 15122K, committed 15360K, reserved 16384K
Event: 4273.595 GC heap after
Heap after GC invocations=342 (full 7):
 PSYoungGen      total 6516736K, used 323697K [0x00007fb394600000, 0x00007fb540a80000, 0x00007fbb14600000)
  eden space 6082048K, 0% used [0x00007fb394600000,0x00007fb394600000,0x00007fb507980000)
  from space 434688K, 74% used [0x00007fb507980000,0x00007fb51b59c4a0,0x00007fb522200000)
  to   space 435712K, 0% used [0x00007fb526100000,0x00007fb526100000,0x00007fb540a80000)
 ParOldGen       total 18788352K, used 14111846K [0x00007fa494600000, 0x00007fa90f200000, 0x00007fb394600000)
  object space 18788352K, 75% used [0x00007fa494600000,0x00007fa7f1b19960,0x00007fa90f200000)
 Metaspace       used 15041K, capacity 15122K, committed 15360K, reserved 16384K
}
Event: 4295.103 GC heap before
{Heap before GC invocations=343 (full 7):
 PSYoungGen      total 6516736K, used 6405745K [0x00007fb394600000, 0x00007fb540a80000, 0x00007fbb14600000)
  eden space 6082048K, 100% used [0x00007fb394600000,0x00007fb507980000,0x00007fb507980000)
  from space 434688K, 74% used [0x00007fb507980000,0x00007fb51b59c4a0,0x00007fb522200000)
  to   space 435712K, 0% used [0x00007fb526100000,0x00007fb526100000,0x00007fb540a80000)
 ParOldGen       total 18788352K, used 14111846K [0x00007fa494600000, 0x00007fa90f200000, 0x00007fb394600000)
  object space 18788352K, 75% used [0x00007fa494600000,0x00007fa7f1b19960,0x00007fa90f200000)
 Metaspace       used 15042K, capacity 15122K, committed 15360K, reserved 16384K
Event: 4295.458 GC heap after
Heap after GC invocations=343 (full 7):
 PSYoungGen      total 6577664K, used 334965K [0x00007fb394600000, 0x00007fb541080000, 0x00007fbb14600000)
  eden space 6141952K, 0% used [0x00007fb394600000,0x00007fb394600000,0x00007fb50b400000)
  from space 435712K, 76% used [0x00007fb526100000,0x00007fb53a81d6f8,0x00007fb540a80000)
  to   space 439296K, 0% used [0x00007fb50b400000,0x00007fb50b400000,0x00007fb526100000)
 ParOldGen       total 18788352K, used 14132132K [0x00007fa494600000, 0x00007fa90f200000, 0x00007fb394600000)
  object space 18788352K, 75% used [0x00007fa494600000,0x00007fa7f2ee92b8,0x00007fa90f200000)
 Metaspace       used 15042K, capacity 15122K, committed 15360K, reserved 16384K
}
Event: 4316.152 GC heap before
{Heap before GC invocations=344 (full 7):
 PSYoungGen      total 6577664K, used 6476917K [0x00007fb394600000, 0x00007fb541080000, 0x00007fbb14600000)
  eden space 6141952K, 100% used [0x00007fb394600000,0x00007fb50b400000,0x00007fb50b400000)
  from space 435712K, 76% used [0x00007fb526100000,0x00007fb53a81d6f8,0x00007fb540a80000)
  to   space 439296K, 0% used [0x00007fb50b400000,0x00007fb50b400000,0x00007fb526100000)
 ParOldGen       total 18788352K, used 14132132K [0x00007fa494600000, 0x00007fa90f200000, 0x00007fb394600000)
  object space 18788352K, 75% used [0x00007fa494600000,0x00007fa7f2ee92b8,0x00007fa90f200000)
 Metaspace       used 15042K, capacity 15122K, committed 15360K, reserved 16384K
Event: 4316.502 GC heap after
Heap after GC invocations=344 (full 7):
 PSYoungGen      total 6581248K, used 336497K [0x00007fb394600000, 0x00007fb545000000, 0x00007fbb14600000)
  eden space 6141952K, 0% used [0x00007fb394600000,0x00007fb394600000,0x00007fb50b400000)
  from space 439296K, 76% used [0x00007fb50b400000,0x00007fb51fc9c678,0x00007fb526100000)
  to   space 441856K, 0% used [0x00007fb52a080000,0x00007fb52a080000,0x00007fb545000000)
 ParOldGen       total 18788352K, used 14152520K [0x00007fa494600000, 0x00007fa90f200000, 0x00007fb394600000)
  object space 18788352K, 75% used [0x00007fa494600000,0x00007fa7f42d2000,0x00007fa90f200000)
 Metaspace       used 15042K, capacity 15122K, committed 15360K, reserved 16384K
}
Event: 4336.264 GC heap before
{Heap before GC invocations=345 (full 7):
 PSYoungGen      total 6581248K, used 6478449K [0x00007fb394600000, 0x00007fb545000000, 0x00007fbb14600000)
  eden space 6141952K, 100% used [0x00007fb394600000,0x00007fb50b400000,0x00007fb50b400000)
  from space 439296K, 76% used [0x00007fb50b400000,0x00007fb51fc9c678,0x00007fb526100000)
  to   space 441856K, 0% used [0x00007fb52a080000,0x00007fb52a080000,0x00007fb545000000)
 ParOldGen       total 18788352K, used 14152520K [0x00007fa494600000, 0x00007fa90f200000, 0x00007fb394600000)
  object space 18788352K, 75% used [0x00007fa494600000,0x00007fa7f42d2000,0x00007fa90f200000)
 Metaspace       used 15042K, capacity 15122K, committed 15360K, reserved 16384K
Event: 4336.623 GC heap after
Heap after GC invocations=345 (full 7):
 PSYoungGen      total 6642176K, used 343485K [0x00007fb394600000, 0x00007fb545880000, 0x00007fbb14600000)
  eden space 6200320K, 0% used [0x00007fb394600000,0x00007fb394600000,0x00007fb50ed00000)
  from space 441856K, 77% used [0x00007fb52a080000,0x00007fb53efef5a0,0x00007fb545000000)
  to   space 445952K, 0% used [0x00007fb50ed00000,0x00007fb50ed00000,0x00007fb52a080000)
 ParOldGen       total 18788352K, used 14170972K [0x00007fa494600000, 0x00007fa90f200000, 0x00007fb394600000)
  object space 18788352K, 75% used [0x00007fa494600000,0x00007fa7f54d7168,0x00007fa90f200000)
 Metaspace       used 15042K, capacity 15122K, committed 15360K, reserved 16384K
}
Event: 4354.845 GC heap before
{Heap before GC invocations=346 (full 7):
 PSYoungGen      total 6642176K, used 6543805K [0x00007fb394600000, 0x00007fb545880000, 0x00007fbb14600000)
  eden space 6200320K, 100% used [0x00007fb394600000,0x00007fb50ed00000,0x00007fb50ed00000)
  from space 441856K, 77% used [0x00007fb52a080000,0x00007fb53efef5a0,0x00007fb545000000)
  to   space 445952K, 0% used [0x00007fb50ed00000,0x00007fb50ed00000,0x00007fb52a080000)
 ParOldGen       total 18788352K, used 14170972K [0x00007fa494600000, 0x00007fa90f200000, 0x00007fb394600000)
  object space 18788352K, 75% used [0x00007fa494600000,0x00007fa7f54d7168,0x00007fa90f200000)
 Metaspace       used 15043K, capacity 15122K, committed 15360K, reserved 16384K
Event: 4354.945 GC heap after
Heap after GC invocations=346 (full 7):
 PSYoungGen      total 6646272K, used 379206K [0x00007fb394600000, 0x00007fb54a500000, 0x00007fbb14600000)
  eden space 6200320K, 0% used [0x00007fb394600000,0x00007fb394600000,0x00007fb50ed00000)
  from space 445952K, 85% used [0x00007fb50ed00000,0x00007fb525f518c0,0x00007fb52a080000)
  to   space 460800K, 0% used [0x00007fb52e300000,0x00007fb52e300000,0x00007fb54a500000)
 ParOldGen       total 18788352K, used 14194281K [0x00007fa494600000, 0x00007fa90f200000, 0x00007fb394600000)
  object space 18788352K, 75% used [0x00007fa494600000,0x00007fa7f6b9a550,0x00007fa90f200000)
 Metaspace       used 15043K, capacity 15122K, committed 15360K, reserved 16384K
}

