# JRE version: Java(TM) SE Runtime Environment (8.0_45-b14) (build 1.8.0_45-b14)
# Java VM: Java HotSpot(TM) 64-Bit Server VM (25.45-b02 mixed mode linux-amd64 )
Heap:
 PSYoungGen      total 5914624K, used 612382K [0x00007fc069000000, 0x00007fc1e6600000, 0x00007fc7e9000000)
  eden space 5623808K, 6% used [0x00007fc069000000,0x00007fc07d985bb8,0x00007fc1c0400000)
  from space 290816K, 94% used [0x00007fc1c0400000,0x00007fc1d1081e30,0x00007fc1d2000000)
  to   space 294400K, 0% used [0x00007fc1d4680000,0x00007fc1d4680000,0x00007fc1e6600000)
 ParOldGen       total 22810112K, used 19692902K [0x00007fb169000000, 0x00007fb6d9380000, 0x00007fc069000000)
  object space 22810112K, 86% used [0x00007fb169000000,0x00007fb61af59bf0,0x00007fb6d9380000)
 Metaspace       used 15041K, capacity 15122K, committed 15360K, reserved 16384K
GC Heap History (10 events):
Event: 2988.920 GC heap before
{Heap before GC invocations=296 (full 7):
 PSYoungGen      total 5830656K, used 5822135K [0x00007fc069000000, 0x00007fc1de600000, 0x00007fc7e9000000)
  eden space 5556224K, 100% used [0x00007fc069000000,0x00007fc1bc200000,0x00007fc1bc200000)
  from space 274432K, 96% used [0x00007fc1cd280000,0x00007fc1dd62dc10,0x00007fc1dde80000)
  to   space 279040K, 0% used [0x00007fc1bc200000,0x00007fc1bc200000,0x00007fc1cd280000)
 ParOldGen       total 22810112K, used 19612456K [0x00007fb169000000, 0x00007fb6d9380000, 0x00007fc069000000)
  object space 22810112K, 85% used [0x00007fb169000000,0x00007fb6160ca118,0x00007fb6d9380000)
 Metaspace       used 15040K, capacity 15122K, committed 15360K, reserved 16384K
Event: 2989.148 GC heap after
Heap after GC invocations=296 (full 7):
 PSYoungGen      total 5835264K, used 266472K [0x00007fc069000000, 0x00007fc1e0c80000, 0x00007fc7e9000000)
  eden space 5556224K, 0% used [0x00007fc069000000,0x00007fc069000000,0x00007fc1bc200000)
  from space 279040K, 95% used [0x00007fc1bc200000,0x00007fc1cc63a1f8,0x00007fc1cd280000)
  to   space 282112K, 0% used [0x00007fc1cf900000,0x00007fc1cf900000,0x00007fc1e0c80000)
 ParOldGen       total 22810112K, used 19629637K [0x00007fb169000000, 0x00007fb6d9380000, 0x00007fc069000000)
  object space 22810112K, 86% used [0x00007fb169000000,0x00007fb617191680,0x00007fb6d9380000)
 Metaspace       used 15040K, capacity 15122K, committed 15360K, reserved 16384K
}
Event: 3005.143 GC heap before
{Heap before GC invocations=297 (full 7):
 PSYoungGen      total 5835264K, used 5822696K [0x00007fc069000000, 0x00007fc1e0c80000, 0x00007fc7e9000000)
  eden space 5556224K, 100% used [0x00007fc069000000,0x00007fc1bc200000,0x00007fc1bc200000)
  from space 279040K, 95% used [0x00007fc1bc200000,0x00007fc1cc63a1f8,0x00007fc1cd280000)
  to   space 282112K, 0% used [0x00007fc1cf900000,0x00007fc1cf900000,0x00007fc1e0c80000)
 ParOldGen       total 22810112K, used 19629637K [0x00007fb169000000, 0x00007fb6d9380000, 0x00007fc069000000)
  object space 22810112K, 86% used [0x00007fb169000000,0x00007fb617191680,0x00007fb6d9380000)
 Metaspace       used 15040K, capacity 15122K, committed 15360K, reserved 16384K
Event: 3005.376 GC heap after
Heap after GC invocations=297 (full 7):
 PSYoungGen      total 5872128K, used 266103K [0x00007fc069000000, 0x00007fc1e1300000, 0x00007fc7e9000000)
  eden space 5590016K, 0% used [0x00007fc069000000,0x00007fc069000000,0x00007fc1be300000)
  from space 282112K, 94% used [0x00007fc1cf900000,0x00007fc1dfcddfd8,0x00007fc1e0c80000)
  to   space 284672K, 0% used [0x00007fc1be300000,0x00007fc1be300000,0x00007fc1cf900000)
 ParOldGen       total 22810112K, used 19646650K [0x00007fb169000000, 0x00007fb6d9380000, 0x00007fc069000000)
  object space 22810112K, 86% used [0x00007fb169000000,0x00007fb61822eac0,0x00007fb6d9380000)
 Metaspace       used 15040K, capacity 15122K, committed 15360K, reserved 16384K
}
Event: 3022.846 GC heap before
{Heap before GC invocations=298 (full 7):
 PSYoungGen      total 5872128K, used 5856119K [0x00007fc069000000, 0x00007fc1e1300000, 0x00007fc7e9000000)
  eden space 5590016K, 100% used [0x00007fc069000000,0x00007fc1be300000,0x00007fc1be300000)
  from space 282112K, 94% used [0x00007fc1cf900000,0x00007fc1dfcddfd8,0x00007fc1e0c80000)
  to   space 284672K, 0% used [0x00007fc1be300000,0x00007fc1be300000,0x00007fc1cf900000)
 ParOldGen       total 22810112K, used 19646650K [0x00007fb169000000, 0x00007fb6d9380000, 0x00007fc069000000)
  object space 22810112K, 86% used [0x00007fb169000000,0x00007fb61822eac0,0x00007fb6d9380000)
 Metaspace       used 15040K, capacity 15122K, committed 15360K, reserved 16384K
Event: 3023.044 GC heap after
Heap after GC invocations=298 (full 7):
 PSYoungGen      total 5874688K, used 269766K [0x00007fc069000000, 0x00007fc1e3900000, 0x00007fc7e9000000)
  eden space 5590016K, 0% used [0x00007fc069000000,0x00007fc069000000,0x00007fc1be300000)
  from space 284672K, 94% used [0x00007fc1be300000,0x00007fc1cea719b0,0x00007fc1cf900000)
  to   space 287744K, 0% used [0x00007fc1d2000000,0x00007fc1d2000000,0x00007fc1e3900000)
 ParOldGen       total 22810112K, used 19662646K [0x00007fb169000000, 0x00007fb6d9380000, 0x00007fc069000000)
  object space 22810112K, 86% used [0x00007fb169000000,0x00007fb6191cd998,0x00007fb6d9380000)
 Metaspace       used 15040K, capacity 15122K, committed 15360K, reserved 16384K
}
Event: 3043.430 GC heap before
{Heap before GC invocations=299 (full 7):
 PSYoungGen      total 5874688K, used 5859782K [0x00007fc069000000, 0x00007fc1e3900000, 0x00007fc7e9000000)
  eden space 5590016K, 100% used [0x00007fc069000000,0x00007fc1be300000,0x00007fc1be300000)
  from space 284672K, 94% used [0x00007fc1be300000,0x00007fc1cea719b0,0x00007fc1cf900000)
  to   space 287744K, 0% used [0x00007fc1d2000000,0x00007fc1d2000000,0x00007fc1e3900000)
 ParOldGen       total 22810112K, used 19662646K [0x00007fb169000000, 0x00007fb6d9380000, 0x00007fc069000000)
  object space 22810112K, 86% used [0x00007fb169000000,0x00007fb6191cd998,0x00007fb6d9380000)
 Metaspace       used 15040K, capacity 15122K, committed 15360K, reserved 16384K
Event: 3043.630 GC heap after
Heap after GC invocations=299 (full 7):
 PSYoungGen      total 5911552K, used 271191K [0x00007fc069000000, 0x00007fc1e3d00000, 0x00007fc7e9000000)
  eden space 5623808K, 0% used [0x00007fc069000000,0x00007fc069000000,0x00007fc1c0400000)
  from space 287744K, 94% used [0x00007fc1d2000000,0x00007fc1e28d5fd8,0x00007fc1e3900000)
  to   space 290816K, 0% used [0x00007fc1c0400000,0x00007fc1c0400000,0x00007fc1d2000000)
 ParOldGen       total 22810112K, used 19679313K [0x00007fb169000000, 0x00007fb6d9380000, 0x00007fc069000000)
  object space 22810112K, 86% used [0x00007fb169000000,0x00007fb61a214460,0x00007fb6d9380000)
 Metaspace       used 15040K, capacity 15122K, committed 15360K, reserved 16384K
}
Event: 3063.691 GC heap before
{Heap before GC invocations=300 (full 7):
 PSYoungGen      total 5911552K, used 5894999K [0x00007fc069000000, 0x00007fc1e3d00000, 0x00007fc7e9000000)
  eden space 5623808K, 100% used [0x00007fc069000000,0x00007fc1c0400000,0x00007fc1c0400000)
  from space 287744K, 94% used [0x00007fc1d2000000,0x00007fc1e28d5fd8,0x00007fc1e3900000)
  to   space 290816K, 0% used [0x00007fc1c0400000,0x00007fc1c0400000,0x00007fc1d2000000)
 ParOldGen       total 22810112K, used 19679313K [0x00007fb169000000, 0x00007fb6d9380000, 0x00007fc069000000)
  object space 22810112K, 86% used [0x00007fb169000000,0x00007fb61a214460,0x00007fb6d9380000)
 Metaspace       used 15040K, capacity 15122K, committed 15360K, reserved 16384K
Event: 3063.945 GC heap after
Heap after GC invocations=300 (full 7):
 PSYoungGen      total 5914624K, used 274951K [0x00007fc069000000, 0x00007fc1e6600000, 0x00007fc7e9000000)
  eden space 5623808K, 0% used [0x00007fc069000000,0x00007fc069000000,0x00007fc1c0400000)
  from space 290816K, 94% used [0x00007fc1c0400000,0x00007fc1d1081e30,0x00007fc1d2000000)
  to   space 294400K, 0% used [0x00007fc1d4680000,0x00007fc1d4680000,0x00007fc1e6600000)
 ParOldGen       total 22810112K, used 19692902K [0x00007fb169000000, 0x00007fb6d9380000, 0x00007fc069000000)
  object space 22810112K, 86% used [0x00007fb169000000,0x00007fb61af59bf0,0x00007fb6d9380000)
 Metaspace       used 15040K, capacity 15122K, committed 15360K, reserved 16384K
}

